2021-10-09T06:29:44+00:00 NOTICE action_scheduler.queue_job :: MailChimp_WooCommerce_Single_Product starts in 5 seconds :: obj_id 4655
2021-10-09T06:29:54+00:00 NOTICE product_submit.success :: updateStoreProduct :: #4655
2021-10-09T06:30:15+00:00 NOTICE action_scheduler.queue_job :: MailChimp_WooCommerce_Single_Product starts in 5 seconds :: obj_id 4656
2021-10-09T06:31:17+00:00 NOTICE product_submit.success :: updateStoreProduct :: #4656
2021-10-09T06:39:30+00:00 NOTICE action_scheduler.queue_job :: MailChimp_WooCommerce_Single_Product starts in 5 seconds :: obj_id 4650
2021-10-09T06:39:45+00:00 NOTICE product_submit.success :: updateStoreProduct :: #4650
2021-10-09T06:39:49+00:00 NOTICE action_scheduler.queue_job :: MailChimp_WooCommerce_Single_Product starts in 5 seconds :: obj_id 4649
2021-10-09T06:40:15+00:00 NOTICE product_submit.success :: updateStoreProduct :: #4649
2021-10-09T06:44:47+00:00 NOTICE action_scheduler.queue_job :: MailChimp_WooCommerce_Single_Product starts in 5 seconds :: obj_id 4647
2021-10-09T06:45:12+00:00 NOTICE action_scheduler.queue_job :: MailChimp_WooCommerce_Single_Product starts in 5 seconds :: obj_id 4648
2021-10-09T06:45:50+00:00 NOTICE product_submit.success :: updateStoreProduct :: #4647
2021-10-09T06:45:50+00:00 NOTICE product_submit.success :: updateStoreProduct :: #4648
2021-10-09T07:12:04+00:00 NOTICE action_scheduler.queue_job :: MailChimp_WooCommerce_Single_Product starts in 5 seconds :: obj_id 4657
2021-10-09T07:12:32+00:00 NOTICE action_scheduler.queue_job :: MailChimp_WooCommerce_Single_Product starts in 5 seconds :: obj_id 4658
2021-10-09T07:12:36+00:00 NOTICE product_submit.success :: updateStoreProduct :: #4657
2021-10-09T07:12:43+00:00 NOTICE product_submit.success :: updateStoreProduct :: #4658
2021-10-09T07:33:29+00:00 NOTICE action_scheduler.queue_job :: MailChimp_WooCommerce_Single_Product starts in 5 seconds :: obj_id 4657
2021-10-09T07:33:34+00:00 NOTICE action_scheduler.queue_job :: MailChimp_WooCommerce_Single_Product starts in 5 seconds :: obj_id 4658
2021-10-09T07:33:44+00:00 NOTICE product_submit.success :: updateStoreProduct :: #4657
2021-10-09T07:33:44+00:00 NOTICE product_submit.success :: updateStoreProduct :: #4658
2021-10-09T11:06:11+00:00 NOTICE action_scheduler.queue_job :: MailChimp_WooCommerce_Single_Product starts in 5 seconds :: obj_id 4218
2021-10-09T11:06:44+00:00 NOTICE product_submit.success :: updateStoreProduct :: #4218
2021-10-09T11:06:54+00:00 NOTICE action_scheduler.queue_job :: MailChimp_WooCommerce_Single_Order starts in 90 seconds :: obj_id 4721
2021-10-09T11:06:55+00:00 NOTICE debug :: Order ID 4721 was processing and is now completed :: Array
(
    [new_order] => 
    [tracking] => 
)

2021-10-09T11:08:47+00:00 NOTICE order.member.updated :: Updated info.rahad@gmail.com subscriber status to subscribed and language to 
2021-10-09T11:08:47+00:00 NOTICE order_submit.success :: updateStoreOrder :: #BM-001126 :: email: info.rahad@gmail.com
2021-10-09T11:22:07+00:00 NOTICE action_scheduler.queue_job :: MailChimp_WooCommerce_Single_Order starts in 90 seconds :: obj_id 4727
2021-10-09T11:22:09+00:00 NOTICE debug :: Order ID 4727 was pending and is now processing :: Array
(
    [new_order] => 1
    [tracking] => Array
        (
            [campaign_id] => 
            [landing_site] => https://baqaramilk.com/wp-admin/admin-ajax.php
        )

)

2021-10-09T11:23:42+00:00 NOTICE order.member.updated :: Updated kanijsultana@gmail.com subscriber status to transactional and language to en
2021-10-09T11:23:42+00:00 NOTICE order_submit.success :: addStoreOrder :: #BM-001127 :: email: kanijsultana@gmail.com :: landing site https://baqaramilk.com/wp-admin/admin-ajax.php
2021-10-09T11:26:43+00:00 NOTICE action_scheduler.queue_job :: MailChimp_WooCommerce_Single_Order starts in 90 seconds :: obj_id 4491
2021-10-09T11:26:43+00:00 NOTICE debug :: Order ID 4491 was processing and is now cancelled :: Array
(
    [new_order] => 
    [tracking] => 
)

2021-10-09T11:26:43+00:00 NOTICE action_scheduler.queue_job :: MailChimp_WooCommerce_Single_Order starts in 90 seconds :: obj_id 4492
2021-10-09T11:26:43+00:00 NOTICE debug :: Order ID 4492 was processing and is now cancelled :: Array
(
    [new_order] => 
    [tracking] => 
)

2021-10-09T11:26:43+00:00 NOTICE action_scheduler.queue_job :: MailChimp_WooCommerce_Single_Order starts in 90 seconds :: obj_id 4493
2021-10-09T11:26:43+00:00 NOTICE debug :: Order ID 4493 was processing and is now cancelled :: Array
(
    [new_order] => 
    [tracking] => 
)

2021-10-09T11:26:43+00:00 NOTICE action_scheduler.queue_job :: MailChimp_WooCommerce_Single_Order starts in 90 seconds :: obj_id 4636
2021-10-09T11:26:44+00:00 NOTICE debug :: Order ID 4636 was processing and is now cancelled :: Array
(
    [new_order] => 
    [tracking] => 
)

2021-10-09T11:28:54+00:00 NOTICE order.member.updated :: Updated dev.bpltd@gmail.com subscriber status to subscribed and language to 
2021-10-09T11:28:54+00:00 NOTICE order_submit.success :: addStoreOrder :: #BM-001122 :: email: dev.bpltd@gmail.com
2021-10-09T11:28:54+00:00 NOTICE validation.bad_email :: Order #BM-001123 has an invalid email address. Skipping!
2021-10-09T11:28:55+00:00 NOTICE validation.bad_email :: Order #BM-001124 has an invalid email address. Skipping!
2021-10-09T11:28:56+00:00 NOTICE validation.bad_email :: Order #BM-001125 has an invalid email address. Skipping!
2021-10-09T11:32:01+00:00 NOTICE action_scheduler.queue_job :: MailChimp_WooCommerce_Cart_Update queued :: obj_id bcbc905822cab63138107ebb1a4cd482
2021-10-09T11:32:14+00:00 NOTICE action_scheduler.queue_job :: MailChimp_WooCommerce_Single_Order starts in 90 seconds :: obj_id 4728
2021-10-09T11:32:15+00:00 NOTICE debug :: Order ID 4728 was pending and is now processing :: Array
(
    [new_order] => 1
    [tracking] => Array
        (
            [campaign_id] => 
            [landing_site] => https://baqaramilk.com/?wc-ajax=get_refreshed_fragments
        )

)

2021-10-09T11:32:23+00:00 NOTICE abandoned_cart.success :: email: dorgora.bpl@gmail.com :: checkout_url: https://baqaramilk.com/checkout/?mc_cart_id=bcbc905822cab63138107ebb1a4cd482
2021-10-09T11:32:23+00:00 NOTICE cart.member.updated :: Updated dorgora.bpl@gmail.com subscriber status to transactional and language to en
2021-10-09T11:33:49+00:00 NOTICE order.member.updated :: Updated dorgora.bpl@gmail.com subscriber status to subscribed and language to en
2021-10-09T11:33:49+00:00 NOTICE order_submit.success :: addStoreOrder :: #BM-001128 :: email: dorgora.bpl@gmail.com :: landing site https://baqaramilk.com/?wc-ajax=get_refreshed_fragments :: abandoned cart deleted [bcbc905822cab63138107ebb1a4cd482]
2021-10-09T11:39:56+00:00 NOTICE action_scheduler.queue_job :: MailChimp_WooCommerce_Single_Product starts in 5 seconds :: obj_id 4281
2021-10-09T11:40:03+00:00 NOTICE product_submit.success :: updateStoreProduct :: #4281
2021-10-09T11:41:02+00:00 NOTICE action_scheduler.queue_job :: MailChimp_WooCommerce_Single_Product starts in 5 seconds :: obj_id 4284
2021-10-09T11:41:11+00:00 NOTICE product_submit.success :: updateStoreProduct :: #4284
2021-10-09T11:41:25+00:00 NOTICE action_scheduler.queue_job :: MailChimp_WooCommerce_Single_Product starts in 5 seconds :: obj_id 4292
2021-10-09T11:41:49+00:00 NOTICE product_submit.success :: updateStoreProduct :: #4292
2021-10-09T11:42:46+00:00 NOTICE action_scheduler.queue_job :: MailChimp_WooCommerce_Single_Product starts in 5 seconds :: obj_id 4253
2021-10-09T11:43:16+00:00 NOTICE product_submit.success :: updateStoreProduct :: #4253
2021-10-09T11:51:43+00:00 NOTICE action_scheduler.queue_job :: MailChimp_WooCommerce_Cart_Update queued :: obj_id c320409cf8dac81d49ab263bfb24f93e
2021-10-09T11:51:44+00:00 NOTICE abandoned_cart.success :: email: marfatislam@gmail.com :: checkout_url: https://baqaramilk.com/checkout/?mc_cart_id=c320409cf8dac81d49ab263bfb24f93e
2021-10-09T11:51:45+00:00 NOTICE cart.member.updated :: Updated marfatislam@gmail.com subscriber status to transactional and language to en
2021-10-09T11:52:35+00:00 NOTICE action_scheduler.queue_job :: MailChimp_WooCommerce_Single_Order starts in 90 seconds :: obj_id 4729
2021-10-09T11:52:36+00:00 NOTICE debug :: Order ID 4729 was pending and is now processing :: Array
(
    [new_order] => 1
    [tracking] => Array
        (
            [campaign_id] => 
            [landing_site] => https://baqaramilk.com/favicon.ico
        )

)

2021-10-09T11:53:10+00:00 NOTICE action_scheduler.queue_job :: MailChimp_WooCommerce_Single_Order starts in 90 seconds :: obj_id 4728
2021-10-09T11:53:10+00:00 NOTICE debug :: Order ID 4728 was processing and is now cancelled :: Array
(
    [new_order] => 
    [tracking] => 
)

2021-10-09T11:53:10+00:00 NOTICE debug :: Order ID 4729 was processing and is now cancelled :: Array
(
    [new_order] => 
    [tracking] => 
)

2021-10-09T11:54:52+00:00 NOTICE order.member.updated :: Updated dorgora.bpl@gmail.com subscriber status to subscribed and language to 
2021-10-09T11:54:52+00:00 NOTICE order_submit.success :: updateStoreOrder :: #BM-001128 :: email: dorgora.bpl@gmail.com
2021-10-09T11:54:54+00:00 NOTICE order.member.updated :: Updated marfatislam@gmail.com subscriber status to transactional and language to en
2021-10-09T11:54:54+00:00 NOTICE order_submit.success :: addStoreOrder :: #BM-001129 :: email: marfatislam@gmail.com :: landing site https://baqaramilk.com/favicon.ico :: abandoned cart deleted [c320409cf8dac81d49ab263bfb24f93e]
